[22:37:50] [main/INFO] [LaunchWrapper]: Loading tweak class name net.minecraftforge.fml.common.launcher.FMLServerTweaker
[22:37:50] [main/INFO] [LaunchWrapper]: Using primary tweak class name net.minecraftforge.fml.common.launcher.FMLServerTweaker
[22:37:50] [main/INFO] [LaunchWrapper]: Calling tweak class net.minecraftforge.fml.common.launcher.FMLServerTweaker
[22:37:50] [main/DEBUG] [FML]: Injecting tracing printstreams for STDOUT/STDERR.
[22:37:50] [main/INFO] [FML]: Forge Mod Loader version 14.23.5.2855 for Minecraft 1.12.2 loading
[22:37:50] [main/INFO] [FML]: Java is Java HotSpot(TM) 64-Bit Server VM, version 1.8.0_281, running on Windows 10:amd64:10.0, installed at C:\Program Files\Java\jre1.8.0_281
[22:37:50] [main/DEBUG] [FML]: Java classpath at launch is:
[22:37:50] [main/DEBUG] [FML]:     C:\Users\Senchy\Desktop\mods\Server\forge-1.12.2-14.23.5.2855.jar
[22:37:50] [main/DEBUG] [FML]: Java library path at launch is:
[22:37:50] [main/DEBUG] [FML]:     C:\Program Files\Java\jre1.8.0_281\bin
[22:37:50] [main/DEBUG] [FML]:     C:\WINDOWS\Sun\Java\bin
[22:37:50] [main/DEBUG] [FML]:     C:\WINDOWS\system32
[22:37:50] [main/DEBUG] [FML]:     C:\WINDOWS
[22:37:50] [main/DEBUG] [FML]:     C:\Program Files (x86)\Common Files\Oracle\Java\javapath
[22:37:50] [main/DEBUG] [FML]:     C:\ProgramData\Oracle\Java\javapath
[22:37:50] [main/DEBUG] [FML]:     C:\WINDOWS\system32
[22:37:50] [main/DEBUG] [FML]:     C:\WINDOWS
[22:37:50] [main/DEBUG] [FML]:     C:\WINDOWS\System32\Wbem
[22:37:50] [main/DEBUG] [FML]:     C:\WINDOWS\System32\WindowsPowerShell\v1.0\
[22:37:50] [main/DEBUG] [FML]:     C:\Users\Senchy\AppData\Local\Microsoft\WindowsApps
[22:37:50] [main/DEBUG] [FML]:     
[22:37:50] [main/DEBUG] [FML]:     .
[22:37:50] [main/DEBUG] [FML]: Determined Minecraft Libraries Root: C:\Users\Senchy\Desktop\mods\Server\libraries
[22:37:50] [main/DEBUG] [FML]: Cleaning up mods folder: .\mods
[22:37:50] [main/DEBUG] [FML]: Enabling runtime deobfuscation
[22:37:50] [main/DEBUG] [FML]: Instantiating coremod class FMLCorePlugin
[22:37:50] [main/DEBUG] [FML]: Found signing certificates for coremod FMLCorePlugin (net.minecraftforge.fml.relauncher.FMLCorePlugin)
[22:37:50] [main/DEBUG] [FML]: Found certificate e3c3d50c7c986df74c645c0ac54639741c90a557
[22:37:50] [main/DEBUG] [FML]: Added access transformer class net.minecraftforge.fml.common.asm.transformers.AccessTransformer to enqueued access transformers
[22:37:50] [main/DEBUG] [FML]: Enqueued coremod FMLCorePlugin
[22:37:50] [main/DEBUG] [FML]: Instantiating coremod class FMLForgePlugin
[22:37:50] [main/DEBUG] [FML]: Found signing certificates for coremod FMLForgePlugin (net.minecraftforge.classloading.FMLForgePlugin)
[22:37:50] [main/DEBUG] [FML]: Found certificate e3c3d50c7c986df74c645c0ac54639741c90a557
[22:37:50] [main/DEBUG] [FML]: Enqueued coremod FMLForgePlugin
[22:37:50] [main/DEBUG] [FML]: All fundamental core mods are successfully located
[22:37:50] [main/DEBUG] [FML]: Discovering coremods
[22:37:50] [main/INFO] [FML]: Searching C:\Users\Senchy\Desktop\mods\Server\.\mods for mods
[22:37:50] [main/INFO] [LaunchWrapper]: Loading tweak class name net.minecraftforge.fml.common.launcher.FMLInjectionAndSortingTweaker
[22:37:50] [main/INFO] [LaunchWrapper]: Loading tweak class name net.minecraftforge.fml.common.launcher.FMLDeobfTweaker
[22:37:50] [main/INFO] [LaunchWrapper]: Calling tweak class net.minecraftforge.fml.common.launcher.FMLInjectionAndSortingTweaker
[22:37:50] [main/INFO] [LaunchWrapper]: Calling tweak class net.minecraftforge.fml.common.launcher.FMLInjectionAndSortingTweaker
[22:37:50] [main/INFO] [LaunchWrapper]: Calling tweak class net.minecraftforge.fml.relauncher.CoreModManager$FMLPluginWrapper
[22:37:50] [main/DEBUG] [FML]: Injecting coremod FMLCorePlugin \{net.minecraftforge.fml.relauncher.FMLCorePlugin\} class transformers
[22:37:50] [main/TRACE] [FML]: Registering transformer net.minecraftforge.fml.common.asm.transformers.SideTransformer
[22:37:50] [main/TRACE] [FML]: Registering transformer net.minecraftforge.fml.common.asm.transformers.EventSubscriptionTransformer
[22:37:50] [main/TRACE] [FML]: Registering transformer net.minecraftforge.fml.common.asm.transformers.EventSubscriberTransformer
[22:37:50] [main/TRACE] [FML]: Registering transformer net.minecraftforge.fml.common.asm.transformers.SoundEngineFixTransformer
[22:37:50] [main/DEBUG] [FML]: Injection complete
[22:37:50] [main/DEBUG] [FML]: Running coremod plugin for FMLCorePlugin \{net.minecraftforge.fml.relauncher.FMLCorePlugin\}
[22:37:50] [main/DEBUG] [FML]: Running coremod plugin FMLCorePlugin
[22:37:53] [main/DEBUG] [FML]: Read 1154 binary patches
[22:37:53] [main/DEBUG] [FML]: Loading deobfuscation resource /deobfuscation_data-1.12.2.lzma with 36076 records
[22:37:55] [main/INFO] [FML]: Found valid fingerprint for Minecraft Forge. Certificate fingerprint e3c3d50c7c986df74c645c0ac54639741c90a557
[22:37:55] [main/DEBUG] [FML]: Coremod plugin class FMLCorePlugin run successfully
[22:37:55] [main/INFO] [LaunchWrapper]: Calling tweak class net.minecraftforge.fml.relauncher.CoreModManager$FMLPluginWrapper
[22:37:55] [main/DEBUG] [FML]: Injecting coremod FMLForgePlugin \{net.minecraftforge.classloading.FMLForgePlugin\} class transformers
[22:37:55] [main/DEBUG] [FML]: Injection complete
[22:37:55] [main/DEBUG] [FML]: Running coremod plugin for FMLForgePlugin \{net.minecraftforge.classloading.FMLForgePlugin\}
[22:37:55] [main/DEBUG] [FML]: Running coremod plugin FMLForgePlugin
[22:37:55] [main/DEBUG] [FML]: Coremod plugin class FMLForgePlugin run successfully
[22:37:55] [main/INFO] [LaunchWrapper]: Calling tweak class net.minecraftforge.fml.common.launcher.FMLDeobfTweaker
[22:37:55] [main/DEBUG] [FML]: Loaded 215 rules from AccessTransformer config file forge_at.cfg
[22:37:55] [main/DEBUG] [FML]: Validating minecraft
[22:37:55] [main/DEBUG] [FML]: Minecraft validated, launching...
[22:37:55] [main/INFO] [LaunchWrapper]: Loading tweak class name net.minecraftforge.fml.common.launcher.TerminalTweaker
[22:37:55] [main/INFO] [LaunchWrapper]: Calling tweak class net.minecraftforge.fml.common.launcher.TerminalTweaker
[22:37:56] [main/INFO] [LaunchWrapper]: Launching wrapped minecraft {net.minecraft.server.MinecraftServer}
[22:37:56] [main/WARN] [net.minecraft.server.ServerEula]: Failed to load eula.txt
[22:37:56] [main/INFO] [net.minecraft.server.MinecraftServer]: You need to agree to the EULA in order to run the server. Go to eula.txt for more info.
